2023-09-28 15:26:48 - fluid_flow - INFO - VAMPNets::Seed 3
2023-09-28 15:26:48 - fluid_flow - INFO - VAMPNets::Seed 2
2023-09-28 15:27:01 - fluid_flow - INFO - DPNets::Seed 3
2023-09-28 15:27:01 - fluid_flow - INFO - DPNets::Seed 2
2023-09-28 15:27:21 - fluid_flow - INFO - DPNets::Seed 3
2023-09-28 15:27:21 - fluid_flow - INFO - DPNets::Seed 2
2023-09-28 15:34:07 - fluid_flow - INFO - VAMPNets::Seed 3
2023-09-28 15:34:07 - fluid_flow - INFO - VAMPNets::Seed 2
2023-09-28 15:34:24 - fluid_flow - INFO - DPNets::Seed 2
2023-09-28 15:34:24 - fluid_flow - INFO - DPNets::Seed 3
2023-09-28 15:34:42 - fluid_flow - INFO - DPNets::Seed 2
2023-09-28 15:34:42 - fluid_flow - INFO - DPNets::Seed 3
2023-09-28 15:51:15 - fluid_flow - INFO - VAMPNets::Seed 3
2023-09-28 15:51:15 - fluid_flow - INFO - VAMPNets::Seed 2
2023-09-28 15:51:35 - fluid_flow - INFO - DPNets::Seed 2
2023-09-28 15:51:35 - fluid_flow - INFO - DPNets::Seed 3
2023-09-28 15:51:56 - fluid_flow - INFO - DPNets::Seed 3
2023-09-28 15:51:56 - fluid_flow - INFO - DPNets::Seed 2
2023-09-28 16:01:19 - fluid_flow - INFO - VAMPNets::Seed 2
2023-09-28 16:01:19 - fluid_flow - INFO - VAMPNets::Seed 5
2023-09-28 16:01:19 - fluid_flow - INFO - VAMPNets::Seed 4
2023-09-28 16:01:21 - fluid_flow - INFO - VAMPNets::Seed 3
2023-09-28 16:05:20 - fluid_flow - INFO - DPNets::Seed 3
2023-09-28 16:05:28 - fluid_flow - INFO - DPNets::Seed 4
2023-09-28 16:05:30 - fluid_flow - INFO - DPNets::Seed 5
2023-09-28 16:05:30 - fluid_flow - INFO - DPNets::Seed 2
2023-09-28 16:09:49 - fluid_flow - INFO - DPNets::Seed 4
2023-09-28 16:09:50 - fluid_flow - INFO - DPNets::Seed 3
2023-09-28 16:09:57 - fluid_flow - INFO - DPNets::Seed 2
2023-09-28 16:10:13 - fluid_flow - INFO - DPNets::Seed 5
2023-09-28 16:14:09 - fluid_flow - INFO - VAMPNets::Seed 6
2023-09-28 16:14:33 - fluid_flow - INFO - VAMPNets::Seed 7
2023-09-28 16:14:48 - fluid_flow - INFO - VAMPNets::Seed 8
2023-09-28 16:15:04 - fluid_flow - INFO - VAMPNets::Seed 9
2023-09-28 16:18:28 - fluid_flow - INFO - DPNets::Seed 6
2023-09-28 16:18:37 - fluid_flow - INFO - DPNets::Seed 7
2023-09-28 16:18:53 - fluid_flow - INFO - DPNets::Seed 8
2023-09-28 16:19:14 - fluid_flow - INFO - DPNets::Seed 9
2023-09-28 16:22:39 - fluid_flow - INFO - DPNets::Seed 6
2023-09-28 16:22:54 - fluid_flow - INFO - DPNets::Seed 7
2023-09-28 16:23:14 - fluid_flow - INFO - DPNets::Seed 8
2023-09-28 16:23:23 - fluid_flow - INFO - DPNets::Seed 9
2023-09-28 16:27:37 - fluid_flow - INFO - VAMPNets::Seed 10
2023-09-28 16:31:56 - fluid_flow - INFO - DPNets::Seed 10
2023-09-28 16:36:00 - fluid_flow - INFO - DPNets::Seed 10
2023-09-28 17:11:35 - fluid_flow - INFO - VAMPNets::Seed 11
2023-09-28 17:15:47 - fluid_flow - INFO - DPNets::Seed 11
2023-09-28 17:15:58 - fluid_flow - INFO - DPNets::Seed 14
2023-09-28 17:15:59 - fluid_flow - INFO - DPNets::Seed 12
2023-09-28 17:16:08 - fluid_flow - INFO - DPNets::Seed 13
2023-09-28 17:41:51 - fluid_flow - INFO - DynamicalAE::Seed 0
2023-09-28 17:41:51 - fluid_flow - INFO - DynamicalAE::Seed 1
2023-09-28 17:41:51 - fluid_flow - INFO - DynamicalAE::Seed 3
2023-09-28 17:41:51 - fluid_flow - INFO - DynamicalAE::Seed 2
2023-09-28 17:42:01 - fluid_flow - INFO - ConsistentAE::Seed 3
2023-09-28 17:42:01 - fluid_flow - INFO - ConsistentAE::Seed 0
2023-09-28 17:42:01 - fluid_flow - INFO - ConsistentAE::Seed 1
2023-09-28 17:42:01 - fluid_flow - INFO - ConsistentAE::Seed 2
2023-09-28 17:42:23 - fluid_flow - INFO - DynamicalAE::Seed 4
2023-09-28 17:42:23 - fluid_flow - INFO - DynamicalAE::Seed 5
2023-09-28 17:42:23 - fluid_flow - INFO - DynamicalAE::Seed 7
2023-09-28 17:42:23 - fluid_flow - INFO - DynamicalAE::Seed 6
2023-09-28 17:42:33 - fluid_flow - INFO - ConsistentAE::Seed 4
2023-09-28 17:42:33 - fluid_flow - INFO - ConsistentAE::Seed 5
2023-09-28 17:42:33 - fluid_flow - INFO - ConsistentAE::Seed 7
2023-09-28 17:42:34 - fluid_flow - INFO - ConsistentAE::Seed 6
2023-09-28 17:42:53 - fluid_flow - INFO - DynamicalAE::Seed 8
2023-09-28 17:42:56 - fluid_flow - INFO - DynamicalAE::Seed 9
2023-09-28 17:43:05 - fluid_flow - INFO - ConsistentAE::Seed 8
2023-09-28 17:43:12 - fluid_flow - INFO - ConsistentAE::Seed 9
2023-09-28 17:48:29 - fluid_flow - INFO - DynamicalAE::Seed 0
2023-09-28 17:48:29 - fluid_flow - INFO - DynamicalAE::Seed 1
2023-09-28 17:48:29 - fluid_flow - INFO - DynamicalAE::Seed 2
2023-09-28 17:48:29 - fluid_flow - INFO - DynamicalAE::Seed 3
2023-09-28 17:48:39 - fluid_flow - INFO - ConsistentAE::Seed 2
2023-09-28 17:48:39 - fluid_flow - INFO - ConsistentAE::Seed 3
2023-09-28 17:48:39 - fluid_flow - INFO - ConsistentAE::Seed 1
2023-09-28 17:48:39 - fluid_flow - INFO - ConsistentAE::Seed 0
2023-09-28 17:49:18 - fluid_flow - INFO - DynamicalAE::Seed 0
2023-09-28 17:49:19 - fluid_flow - INFO - DynamicalAE::Seed 1
2023-09-28 17:49:19 - fluid_flow - INFO - DynamicalAE::Seed 2
2023-09-28 17:49:19 - fluid_flow - INFO - DynamicalAE::Seed 3
2023-09-28 17:54:56 - fluid_flow - INFO - ConsistentAE::Seed 1
2023-09-28 17:54:59 - fluid_flow - INFO - ConsistentAE::Seed 3
2023-09-28 17:55:00 - fluid_flow - INFO - ConsistentAE::Seed 2
2023-09-28 17:55:22 - fluid_flow - INFO - ConsistentAE::Seed 0
2023-09-28 18:07:02 - fluid_flow - INFO - DynamicalAE::Seed 4
2023-09-28 18:07:40 - fluid_flow - INFO - DynamicalAE::Seed 5
2023-09-28 18:07:48 - fluid_flow - INFO - DynamicalAE::Seed 6
2023-09-28 18:08:08 - fluid_flow - INFO - DynamicalAE::Seed 7
2023-09-28 18:13:03 - fluid_flow - INFO - ConsistentAE::Seed 4
2023-09-28 18:13:27 - fluid_flow - INFO - ConsistentAE::Seed 5
2023-09-28 18:13:37 - fluid_flow - INFO - ConsistentAE::Seed 6
2023-09-28 18:14:19 - fluid_flow - INFO - ConsistentAE::Seed 7
2023-09-28 18:25:13 - fluid_flow - INFO - DynamicalAE::Seed 8
2023-09-28 18:25:55 - fluid_flow - INFO - DynamicalAE::Seed 9
2023-09-28 18:30:52 - fluid_flow - INFO - ConsistentAE::Seed 8
2023-09-28 18:31:48 - fluid_flow - INFO - ConsistentAE::Seed 9
2023-09-28 21:31:02 - fluid_flow - INFO - DynamicalAE::Seed 10
2023-09-28 21:31:02 - fluid_flow - INFO - DynamicalAE::Seed 12
2023-09-28 21:31:02 - fluid_flow - INFO - DynamicalAE::Seed 11
2023-09-28 21:31:02 - fluid_flow - INFO - DynamicalAE::Seed 13
2023-09-28 21:36:38 - fluid_flow - INFO - ConsistentAE::Seed 12
2023-09-28 21:36:42 - fluid_flow - INFO - ConsistentAE::Seed 11
2023-09-28 21:36:45 - fluid_flow - INFO - ConsistentAE::Seed 13
2023-09-28 21:36:56 - fluid_flow - INFO - ConsistentAE::Seed 10
2023-09-28 21:49:32 - fluid_flow - INFO - DynamicalAE::Seed 14
2023-09-28 21:49:35 - fluid_flow - INFO - DynamicalAE::Seed 15
2023-09-28 21:49:41 - fluid_flow - INFO - DynamicalAE::Seed 17
2023-09-28 21:49:41 - fluid_flow - INFO - DynamicalAE::Seed 16
2023-09-28 21:55:28 - fluid_flow - INFO - ConsistentAE::Seed 14
2023-09-28 21:55:33 - fluid_flow - INFO - ConsistentAE::Seed 16
2023-09-28 21:55:34 - fluid_flow - INFO - ConsistentAE::Seed 15
2023-09-28 21:55:50 - fluid_flow - INFO - ConsistentAE::Seed 17
2023-09-28 22:07:54 - fluid_flow - INFO - DynamicalAE::Seed 18
2023-09-28 22:08:18 - fluid_flow - INFO - DynamicalAE::Seed 19
2023-09-28 22:13:51 - fluid_flow - INFO - ConsistentAE::Seed 18
2023-09-28 22:14:01 - fluid_flow - INFO - ConsistentAE::Seed 19
2023-11-16 10:22:05 - fluid_flow - INFO - DynamicalAE::Seed 0
2023-11-16 10:29:09 - fluid_flow - INFO - ConsistentAE::Seed 0
2023-11-16 10:54:27 - fluid_flow - INFO - DynamicalAE::Seed 1
2023-11-16 11:17:09 - fluid_flow - INFO - ConsistentAE::Seed 1
2023-11-16 11:57:17 - fluid_flow - INFO - DynamicalAE::Seed 2
2023-11-16 12:10:18 - fluid_flow - INFO - ConsistentAE::Seed 2
2023-11-16 12:58:07 - fluid_flow - INFO - DynamicalAE::Seed 3
2023-11-16 13:03:45 - fluid_flow - INFO - ConsistentAE::Seed 3
2023-11-16 13:17:03 - fluid_flow - INFO - DynamicalAE::Seed 4
2023-11-16 13:20:36 - fluid_flow - INFO - ConsistentAE::Seed 4
2023-11-16 13:34:08 - fluid_flow - INFO - DynamicalAE::Seed 5
2023-11-16 13:37:43 - fluid_flow - INFO - ConsistentAE::Seed 5
2023-11-16 14:09:15 - fluid_flow - INFO - DynamicalAE::Seed 6
2023-11-16 14:38:07 - fluid_flow - INFO - ConsistentAE::Seed 6
2023-11-16 15:08:57 - fluid_flow - INFO - DynamicalAE::Seed 7
2023-11-16 15:12:28 - fluid_flow - INFO - ConsistentAE::Seed 7
2023-11-16 15:43:12 - fluid_flow - INFO - DynamicalAE::Seed 8
2023-11-16 16:21:08 - fluid_flow - INFO - ConsistentAE::Seed 8
2023-11-16 17:22:26 - fluid_flow - INFO - DynamicalAE::Seed 9
2023-11-16 17:52:19 - fluid_flow - INFO - ConsistentAE::Seed 9
2023-11-16 19:04:15 - fluid_flow - INFO - DynamicalAE::Seed 10
2023-11-16 20:20:09 - fluid_flow - INFO - ConsistentAE::Seed 10
2023-11-16 21:37:07 - fluid_flow - INFO - DynamicalAE::Seed 11
2023-11-16 22:23:07 - fluid_flow - INFO - ConsistentAE::Seed 11
2023-11-16 23:24:08 - fluid_flow - INFO - DynamicalAE::Seed 12
2023-11-17 00:40:07 - fluid_flow - INFO - ConsistentAE::Seed 12
2023-11-17 01:56:10 - fluid_flow - INFO - DynamicalAE::Seed 13
2023-11-17 03:12:07 - fluid_flow - INFO - ConsistentAE::Seed 13
2023-11-17 04:28:12 - fluid_flow - INFO - DynamicalAE::Seed 14
2023-11-17 05:44:08 - fluid_flow - INFO - ConsistentAE::Seed 14
2023-11-17 07:00:14 - fluid_flow - INFO - DynamicalAE::Seed 15
2023-11-17 08:16:09 - fluid_flow - INFO - ConsistentAE::Seed 15
2023-11-17 09:25:15 - fluid_flow - INFO - DynamicalAE::Seed 16
2023-11-17 10:01:02 - fluid_flow - INFO - ConsistentAE::Seed 16
2023-11-17 10:58:00 - fluid_flow - INFO - DynamicalAE::Seed 17
2023-11-17 11:16:10 - fluid_flow - INFO - ConsistentAE::Seed 17
2023-11-17 12:06:10 - fluid_flow - INFO - DynamicalAE::Seed 18
2023-11-17 12:59:06 - fluid_flow - INFO - ConsistentAE::Seed 18
2023-11-17 14:15:08 - fluid_flow - INFO - DynamicalAE::Seed 19
2023-11-17 14:51:07 - fluid_flow - INFO - ConsistentAE::Seed 19
2024-03-20 17:15:52 - fluid_flow - INFO - type::Seed 1
2024-03-20 17:18:27 - fluid_flow - INFO - type::Seed 1
2024-03-20 17:19:02 - fluid_flow - INFO - type::Seed 1
2024-03-20 17:20:57 - fluid_flow - INFO - type::Seed 1
2024-03-20 17:25:48 - fluid_flow - INFO - type::Seed 1
2024-03-20 18:16:50 - fluid_flow - INFO - type::Seed 1
2024-03-23 06:12:37 - fluid_flow - INFO - type::Seed 1
2024-03-23 06:13:59 - fluid_flow - INFO - type::Seed 1
2024-03-23 06:20:52 - fluid_flow - INFO - type::Seed 1
2024-03-23 06:39:35 - fluid_flow - INFO - type::Seed 1
