2023-11-12 15:49:54 - logistic_map - INFO - ChebyT::START::FeatureDim 8
2023-11-12 15:49:54 - logistic_map - INFO - ChebyT::END::FeatureDim 8
2023-11-12 15:49:59 - logistic_map - INFO - VAMPNets::START::FeatureDim 8
2023-11-12 15:49:59 - logistic_map - INFO - VAMPNets::Seed 1/20
2023-11-12 15:50:22 - logistic_map - INFO - VAMPNets::Seed 2/20
2023-11-12 15:50:45 - logistic_map - INFO - VAMPNets::Seed 3/20
2023-11-12 15:51:08 - logistic_map - INFO - VAMPNets::Seed 4/20
2023-11-12 15:51:31 - logistic_map - INFO - VAMPNets::Seed 5/20
2023-11-12 15:51:54 - logistic_map - INFO - VAMPNets::Seed 6/20
2023-11-12 15:52:19 - logistic_map - INFO - VAMPNets::Seed 7/20
2023-11-12 15:52:45 - logistic_map - INFO - VAMPNets::Seed 8/20
2023-11-12 15:53:11 - logistic_map - INFO - VAMPNets::Seed 9/20
2023-11-12 15:53:35 - logistic_map - INFO - VAMPNets::Seed 10/20
2023-11-12 15:54:00 - logistic_map - INFO - VAMPNets::Seed 11/20
2023-11-12 15:54:23 - logistic_map - INFO - VAMPNets::Seed 12/20
2023-11-12 15:54:48 - logistic_map - INFO - VAMPNets::Seed 13/20
2023-11-12 15:55:15 - logistic_map - INFO - VAMPNets::Seed 14/20
2023-11-12 15:55:41 - logistic_map - INFO - VAMPNets::Seed 15/20
2023-11-12 15:56:07 - logistic_map - INFO - VAMPNets::Seed 16/20
2023-11-12 15:56:32 - logistic_map - INFO - VAMPNets::Seed 17/20
2023-11-12 15:56:55 - logistic_map - INFO - VAMPNets::Seed 18/20
2023-11-12 15:57:19 - logistic_map - INFO - VAMPNets::Seed 19/20
2023-11-12 15:57:44 - logistic_map - INFO - VAMPNets::Seed 20/20
2023-11-12 15:58:11 - logistic_map - INFO - VAMPNets::END
2023-11-12 15:58:38 - logistic_map - INFO - DPNets::START::FeatureDim 8
2023-11-12 15:58:38 - logistic_map - INFO - DPNets::Tuned metric deformation: 1.0
2023-11-12 15:58:38 - logistic_map - INFO - DPNets::Seed 1/20
2023-11-12 15:59:04 - logistic_map - INFO - DPNets::Seed 2/20
2023-11-12 15:59:29 - logistic_map - INFO - DPNets::Seed 3/20
2023-11-12 15:59:54 - logistic_map - INFO - DPNets::Seed 4/20
2023-11-12 16:00:18 - logistic_map - INFO - DPNets::Seed 5/20
2023-11-12 16:00:42 - logistic_map - INFO - DPNets::Seed 6/20
2023-11-12 16:01:06 - logistic_map - INFO - DPNets::Seed 7/20
2023-11-12 16:01:30 - logistic_map - INFO - DPNets::Seed 8/20
2023-11-12 16:01:56 - logistic_map - INFO - DPNets::Seed 9/20
2023-11-12 16:02:23 - logistic_map - INFO - DPNets::Seed 10/20
2023-11-12 16:02:50 - logistic_map - INFO - DPNets::Seed 11/20
2023-11-12 16:03:16 - logistic_map - INFO - DPNets::Seed 12/20
2023-11-12 16:03:42 - logistic_map - INFO - DPNets::Seed 13/20
2023-11-12 16:04:07 - logistic_map - INFO - DPNets::Seed 14/20
2023-11-12 16:04:31 - logistic_map - INFO - DPNets::Seed 15/20
2023-11-12 16:04:55 - logistic_map - INFO - DPNets::Seed 16/20
2023-11-12 16:05:20 - logistic_map - INFO - DPNets::Seed 17/20
2023-11-12 16:05:45 - logistic_map - INFO - DPNets::Seed 18/20
2023-11-12 16:06:12 - logistic_map - INFO - DPNets::Seed 19/20
2023-11-12 16:06:38 - logistic_map - INFO - DPNets::Seed 20/20
2023-11-12 16:07:06 - logistic_map - INFO - DPNets::END::FeatureDim 8
2023-11-12 16:07:12 - logistic_map - INFO - DPNets-relaxed::START::FeatureDim 8
2023-11-12 16:07:12 - logistic_map - INFO - DPNets-relaxed::Tuned metric deformation: 1.0
2023-11-12 16:07:12 - logistic_map - INFO - DPNets::Seed 1/20
2023-11-12 16:07:37 - logistic_map - INFO - DPNets::Seed 2/20
2023-11-12 16:08:01 - logistic_map - INFO - DPNets::Seed 3/20
2023-11-12 16:08:26 - logistic_map - INFO - DPNets::Seed 4/20
2023-11-12 16:08:53 - logistic_map - INFO - DPNets::Seed 5/20
2023-11-12 16:09:20 - logistic_map - INFO - DPNets::Seed 6/20
2023-11-12 16:09:45 - logistic_map - INFO - DPNets::Seed 7/20
2023-11-12 16:10:11 - logistic_map - INFO - DPNets::Seed 8/20
2023-11-12 16:10:37 - logistic_map - INFO - DPNets::Seed 9/20
2023-11-12 16:11:02 - logistic_map - INFO - DPNets::Seed 10/20
2023-11-12 16:11:30 - logistic_map - INFO - DPNets::Seed 11/20
2023-11-12 16:11:58 - logistic_map - INFO - DPNets::Seed 12/20
2023-11-12 16:12:25 - logistic_map - INFO - DPNets::Seed 13/20
2023-11-12 16:12:52 - logistic_map - INFO - DPNets::Seed 14/20
2023-11-12 16:13:18 - logistic_map - INFO - DPNets::Seed 15/20
2023-11-12 16:13:43 - logistic_map - INFO - DPNets::Seed 16/20
2023-11-12 16:14:08 - logistic_map - INFO - DPNets::Seed 17/20
2023-11-12 16:14:33 - logistic_map - INFO - DPNets::Seed 18/20
2023-11-12 16:14:59 - logistic_map - INFO - DPNets::Seed 19/20
2023-11-12 16:15:24 - logistic_map - INFO - DPNets::Seed 20/20
2023-11-12 16:15:48 - logistic_map - INFO - DPNets-relaxed::END::FeatureDim 8
2023-11-12 16:16:15 - logistic_map - INFO - NoiseKernel::START::FeatureDim 8
2023-11-12 16:16:15 - logistic_map - INFO - NoiseKernel::END::FeatureDim 8
